2025-07-05 10:56:11,969 - INFO - Starting YouTube Auto-Comment Bot
2025-07-05 10:56:11,974 - INFO - file_cache is only supported with oauth2client<4.0.0
2025-07-05 10:56:11,981 - INFO - Running bot once
2025-07-05 10:56:11,982 - INFO - Checking channel: @MKBHD
2025-07-05 10:56:13,197 - INFO - Resolved @MKBHD to channel ID: UCBJycsmduvYEL83R_U4JriQ
2025-07-05 10:56:13,695 - INFO - Posting comment on video -NNCca97v98: My Nintendo Switch 2 Review (Doesn&#39;t Matter?)
2025-07-05 10:56:14,910 - INFO - Successfully commented on video -NNCca97v98
2025-07-05 10:56:14,911 - INFO - Posting comment on video A94RrC8Mg0o: Nothing Headphone 1 Review: As Good as They Look?
2025-07-05 10:56:16,059 - INFO - Successfully commented on video A94RrC8Mg0o
2025-07-05 10:56:16,061 - INFO - Posting comment on video jXJODqfaJto: Why Apple, Samsung and Google Need Each Other
2025-07-05 10:56:17,169 - INFO - Successfully commented on video jXJODqfaJto
2025-07-05 10:56:17,170 - INFO - Posting comment on video Uwmp16aSgdk: M4 Macbook Air Review: Too Easy!
2025-07-05 10:56:18,142 - INFO - Successfully commented on video Uwmp16aSgdk
2025-07-05 10:56:18,143 - INFO - Posting comment on video fgm5uZaS3-E: The Tesla Robotaxi is Confusing...
2025-07-05 10:56:19,151 - INFO - Successfully commented on video fgm5uZaS3-E
2025-07-05 10:56:19,152 - INFO - Posting comment on video kkX8_nbBqBQ: Android 15 Hands-On: Top 5 Features!
2025-07-05 10:56:20,180 - INFO - Successfully commented on video kkX8_nbBqBQ
2025-07-05 10:56:20,181 - INFO - Posting comment on video 4MbshUkkA38: $3500 Apple Vision Pro: What Comes in the Box!
2025-07-05 10:56:21,168 - INFO - Successfully commented on video 4MbshUkkA38
2025-07-05 10:56:21,171 - INFO - Posting comment on video lRUtHtqfCGA: Nothing Phone 2 Review: A Real Personality!
2025-07-05 10:56:22,165 - INFO - Successfully commented on video lRUtHtqfCGA
2025-07-05 10:56:22,166 - INFO - Posting comment on video xnPl9RPFLkE: AirPods Pro 2 vs Magnet Paper \U0001f440
2025-07-05 10:56:23,195 - INFO - Successfully commented on video xnPl9RPFLkE
2025-07-05 10:56:23,196 - INFO - Posting comment on video UsD87v8F914: Google Pixel 6A Review: Can You Feel It?
2025-07-05 10:56:24,345 - INFO - Successfully commented on video UsD87v8F914
2025-07-05 10:56:24,346 - INFO - Checking channel: c/TechLinked
2025-07-05 10:56:24,966 - INFO - Resolved c/TechLinked to channel ID: UCeeFfhMcJa1kjtfZAGskOCA
2025-07-05 10:56:25,460 - INFO - Posting comment on video z063thvygcQ: Did Anyone Think About This?
2025-07-05 10:56:26,586 - INFO - Successfully commented on video z063thvygcQ
2025-07-05 10:56:26,587 - INFO - Posting comment on video LO1gIZEUGSo: Apple Can’t Stop Themselves.
2025-07-05 10:56:27,529 - INFO - Successfully commented on video LO1gIZEUGSo
2025-07-05 10:56:27,530 - INFO - Posting comment on video o29rYJlC0t4: Fortnite OWES Gamers 126 Million Dollars!
2025-07-05 10:56:28,526 - INFO - Successfully commented on video o29rYJlC0t4
2025-07-05 10:56:28,528 - INFO - Posting comment on video CezMTD7cYwM: Tesla’s Robotaxi Sorta Kinda Launches
2025-07-05 10:56:29,485 - INFO - Successfully commented on video CezMTD7cYwM
2025-07-05 10:56:29,486 - INFO - Posting comment on video WiV_INT3ff4: Whew, that was CLOSE…
2025-07-05 10:56:30,582 - INFO - Successfully commented on video WiV_INT3ff4
2025-07-05 10:56:30,584 - INFO - Posting comment on video FSeo8eKkYE4: Is Microsoft About to Fix USB?
2025-07-05 10:56:31,666 - INFO - Successfully commented on video FSeo8eKkYE4
2025-07-05 10:56:31,668 - INFO - Posting comment on video LpjUKQNTLlE: Xbox Is So Cooked
2025-07-05 10:56:32,753 - INFO - Successfully commented on video LpjUKQNTLlE
2025-07-05 10:56:32,754 - INFO - Posting comment on video ZbbHUvRCrBg: Apple is Getting Trolled
2025-07-05 10:56:33,960 - INFO - Successfully commented on video ZbbHUvRCrBg
2025-07-05 10:56:33,961 - INFO - Posting comment on video BKLDHMka3zg: Goodbye, Skype :(
2025-07-05 10:56:35,062 - INFO - Successfully commented on video BKLDHMka3zg
2025-07-05 10:56:35,063 - INFO - Posting comment on video JhGUEYZe8XI: YouTube, This Ain’t Gonna Work.
2025-07-05 11:01:41,924 - INFO - Starting YouTube Auto-Comment Bot
2025-07-05 11:01:41,934 - INFO - file_cache is only supported with oauth2client<4.0.0
2025-07-05 11:01:41,945 - INFO - Running bot once
2025-07-05 11:01:41,946 - INFO - Checking channel: @MKBHD
2025-07-05 11:01:43,204 - INFO - Resolved @MKBHD to channel ID: UCBJycsmduvYEL83R_U4JriQ
2025-07-05 11:01:43,706 - INFO - Posting comment on video -NNCca97v98: My Nintendo Switch 2 Review (Doesn&#39;t Matter?)
2025-07-05 11:01:44,749 - INFO - Successfully commented on video -NNCca97v98
2025-07-05 11:01:44,793 - INFO - Posting comment on video pSdKnNj7ozk: M2 MacBook Pro: Why Does This Exist?
2025-07-05 11:01:46,005 - INFO - Successfully commented on video pSdKnNj7ozk
2025-07-05 11:01:46,006 - INFO - Posting comment on video BuaKzm7Kq9Q: Blue Bubbles vs Green Bubbles: Explained!
2025-07-05 11:01:47,264 - INFO - Successfully commented on video BuaKzm7Kq9Q
2025-07-05 11:01:47,265 - INFO - Checking channel: c/TechLinked
2025-07-05 11:01:47,792 - INFO - Resolved c/TechLinked to channel ID: UCeeFfhMcJa1kjtfZAGskOCA
2025-07-05 11:01:48,302 - INFO - Posting comment on video JhGUEYZe8XI: YouTube, This Ain’t Gonna Work.
2025-07-05 11:01:49,477 - INFO - Successfully commented on video JhGUEYZe8XI
2025-07-05 11:01:49,479 - INFO - Posting comment on video BIGAReB9Eug: This Changes Everything.
2025-07-05 11:01:50,350 - INFO - Successfully commented on video BIGAReB9Eug
2025-07-05 11:01:50,351 - INFO - Posting comment on video 6PwHtR4EEqI: It&#39;s Got a &#39;Wii U&#39; Mode...
2025-07-05 11:01:51,181 - INFO - Successfully commented on video 6PwHtR4EEqI
2025-07-05 11:02:25,495 - INFO - Starting YouTube Auto-Comment Bot
2025-07-05 11:02:25,500 - INFO - file_cache is only supported with oauth2client<4.0.0
2025-07-05 11:02:25,509 - INFO - Running bot once
2025-07-05 11:02:25,509 - INFO - Checking channel: @miniyeti88
2025-07-05 11:02:26,675 - INFO - Resolved @miniyeti88 to channel ID: UCF9oIW4anDbuHK2eUqabeKw
2025-07-05 11:02:27,495 - INFO - Posting comment on video 5Sr7GkMY3N4: How to Make a Living from Mobile Games in 2025 (Realistic Solo Dev Strategies)
2025-07-05 11:02:28,580 - INFO - Successfully commented on video 5Sr7GkMY3N4
2025-07-05 11:02:28,581 - INFO - Posting comment on video HxYGLLNczC8: How to Make a Great Mobile Game That Actually Keeps Players (and Makes Money)
2025-07-05 11:02:29,932 - INFO - Successfully commented on video HxYGLLNczC8
2025-07-05 11:02:29,933 - INFO - Posting comment on video Eir4LD-iWuk: How Much My Indie Game Made with 1 Million Android Downloads
2025-07-05 11:02:30,893 - INFO - Successfully commented on video Eir4LD-iWuk
